0 info it worked if it ends with ok
1 verbose cli [ 'C:\\Program Files\\nodejs\\node.exe',
1 verbose cli   'C:\\Program Files\\nodejs\\node_modules\\npm\\bin\\npm-cli.js',
1 verbose cli   'start' ]
2 info using npm@3.10.8
3 info using node@v6.9.1
4 verbose run-script [ 'prestart', 'start', 'poststart' ]
5 info lifecycle larp-test-page@0.0.1~prestart: larp-test-page@0.0.1
6 silly lifecycle larp-test-page@0.0.1~prestart: no script for prestart, continuing
7 info lifecycle larp-test-page@0.0.1~start: larp-test-page@0.0.1
8 verbose lifecycle larp-test-page@0.0.1~start: unsafe-perm in lifecycle true
9 verbose lifecycle larp-test-page@0.0.1~start: PATH: C:\Program Files\nodejs\node_modules\npm\bin\node-gyp-bin;C:\Users\KC\Documents\kurtWebsite\node_modules\.bin;C:\Python27\Lib\site-packages\PyQt4;C:\WinAVR-20100110\bin;C:\WinAVR-20100110\utils\bin;C:\Program Files (x86)\NVIDIA Corporation\PhysX\Common;C:\ProgramData\Oracle\Java\javapath;c:\Program Files (x86)\Intel\iCLS Client\;c:\Program Files\Intel\iCLS Client\;C:\WINDOWS\system32;C:\WINDOWS;C:\WINDOWS\System32\Wbem;C:\WINDOWS\System32\WindowsPowerShell\v1.0\;C:\Program Files (x86)\Intel\OpenCL SDK\3.0\bin\x86;C:\Program Files (x86)\Intel\OpenCL SDK\3.0\bin\x64;C:\Program Files (x86)\Microsoft SDKs\TypeScript\1.0\;C:\Program Files (x86)\Skype\Phone\;C:\Program Files\Intel\Intel(R) Management Engine Components\DAL;C:\Program Files\Intel\Intel(R) Management Engine Components\IPT;C:\Program Files (x86)\Intel\Intel(R) Management Engine Components\DAL;C:\Program Files (x86)\Intel\Intel(R) Management Engine Components\IPT;C:\Python27;C:\Python27\DLLs;C:\Python27\Scripts;C:\Python27\gnuplot\binary;C:\Program Files (x86)\pythonxy\SciTE-3.5.1-4;C:\Program Files (x86)\pythonxy\console;C:\Program Files\nodejs\;C:\Program Files (x86)\Heroku\bin;C:\Program Files (x86)\git\cmd;C:\Program Files (x86)\Git\cmd;C:\Users\KC\.dnx\bin;C:\Program Files\Microsoft DNX\Dnvm\;C:\Program Files\Microsoft SQL Server\130\Tools\Binn\;C:\Program Files\dotnet\;C:\Program Files\MATLAB\R2017a\runtime\win64;C:\Program Files\MATLAB\R2017a\bin;C:\Program Files (x86)\Windows Live\Shared;C:\WINDOWS\System32\OpenSSH\;C:\Users\KC\AppData\Local\Programs\Python\Python36-32\Scripts\;C:\Users\KC\AppData\Local\Programs\Python\Python36-32\;C:\Users\KC\Anaconda2;C:\Users\KC\Anaconda2\Scripts;C:\Users\KC\Anaconda2\Library\bin;C:\Program Files (x86)\Java\jre7\bin;C:\Users\KC\AppData\Local\Microsoft\WindowsApps;C:\Users\KC\AppData\Roaming\npm;C:\Program Files (x86)\mingw-w64\i686-6.2.0-posix-dwarf-rt_v5-rev1\mingw32\bin;C:\Users\KC\AppData\Local\GitHubDesktop\bin;C:\Users\KC\AppData\Local\Microsoft\WindowsApps;C:\Program Files\heroku\bin
10 verbose lifecycle larp-test-page@0.0.1~start: CWD: C:\Users\KC\Documents\kurtWebsite
11 silly lifecycle larp-test-page@0.0.1~start: Args: [ '/d /s /c', 'node server.js' ]
12 silly lifecycle larp-test-page@0.0.1~start: Returned: code: 1  signal: null
13 info lifecycle larp-test-page@0.0.1~start: Failed to exec start script
14 verbose stack Error: larp-test-page@0.0.1 start: `node server.js`
14 verbose stack Exit status 1
14 verbose stack     at EventEmitter.<anonymous> (C:\Program Files\nodejs\node_modules\npm\lib\utils\lifecycle.js:255:16)
14 verbose stack     at emitTwo (events.js:106:13)
14 verbose stack     at EventEmitter.emit (events.js:191:7)
14 verbose stack     at ChildProcess.<anonymous> (C:\Program Files\nodejs\node_modules\npm\lib\utils\spawn.js:40:14)
14 verbose stack     at emitTwo (events.js:106:13)
14 verbose stack     at ChildProcess.emit (events.js:191:7)
14 verbose stack     at maybeClose (internal/child_process.js:877:16)
14 verbose stack     at Process.ChildProcess._handle.onexit (internal/child_process.js:226:5)
15 verbose pkgid larp-test-page@0.0.1
16 verbose cwd C:\Users\KC\Documents\kurtWebsite
17 error Windows_NT 10.0.17134
18 error argv "C:\\Program Files\\nodejs\\node.exe" "C:\\Program Files\\nodejs\\node_modules\\npm\\bin\\npm-cli.js" "start"
19 error node v6.9.1
20 error npm  v3.10.8
21 error code ELIFECYCLE
22 error larp-test-page@0.0.1 start: `node server.js`
22 error Exit status 1
23 error Failed at the larp-test-page@0.0.1 start script 'node server.js'.
23 error Make sure you have the latest version of node.js and npm installed.
23 error If you do, this is most likely a problem with the larp-test-page package,
23 error not with npm itself.
23 error Tell the author that this fails on your system:
23 error     node server.js
23 error You can get information on how to open an issue for this project with:
23 error     npm bugs larp-test-page
23 error Or if that isn't available, you can get their info via:
23 error     npm owner ls larp-test-page
23 error There is likely additional logging output above.
24 verbose exit [ 1, true ]
